2026-04-11 03:04:19 [ERROR]: ValidationError: SessionInstance validation failed: sessionId: Cast to ObjectId failed for value "63" (type number) at path "sessionId" because of "BSONError"
    at model.Document.invalidate (/var/www/html/nodets25/node_modules/mongoose/lib/document.js:3433:32)
    at model.$set (/var/www/html/nodets25/node_modules/mongoose/lib/document.js:1530:12)
    at model.$set (/var/www/html/nodets25/node_modules/mongoose/lib/document.js:1170:16)
    at model.Document (/var/www/html/nodets25/node_modules/mongoose/lib/document.js:181:12)
    at model.Model (/var/www/html/nodets25/node_modules/mongoose/lib/model.js:137:12)
    at new model (/var/www/html/nodets25/node_modules/mongoose/lib/model.js:4861:15)
    at Object.insertSessionInstance (/var/www/html/nodets25/src/repository/candidate/auth.repository.ts:224:33)
    at createSession (/var/www/html/nodets25/src/services/candidate/authentication.service.ts:122:50)
    at processTicksAndRejections (node:internal/process/task_queues:105:5)
    at async authenticate (/var/www/html/nodets25/src/controllers/candidate/authentication.controller.ts:38:20)
2026-04-11 03:04:41 [ERROR]: ValidationError: SessionInstance validation failed: sessionId: Cast to ObjectId failed for value "63" (type number) at path "sessionId" because of "BSONError"
    at model.Document.invalidate (/var/www/html/nodets25/node_modules/mongoose/lib/document.js:3433:32)
    at model.$set (/var/www/html/nodets25/node_modules/mongoose/lib/document.js:1530:12)
    at model.$set (/var/www/html/nodets25/node_modules/mongoose/lib/document.js:1170:16)
    at model.Document (/var/www/html/nodets25/node_modules/mongoose/lib/document.js:181:12)
    at model.Model (/var/www/html/nodets25/node_modules/mongoose/lib/model.js:137:12)
    at new model (/var/www/html/nodets25/node_modules/mongoose/lib/model.js:4861:15)
    at Object.insertSessionInstance (/var/www/html/nodets25/src/repository/candidate/auth.repository.ts:224:33)
    at createSession (/var/www/html/nodets25/src/services/candidate/authentication.service.ts:122:50)
    at processTicksAndRejections (node:internal/process/task_queues:105:5)
    at async authenticate (/var/www/html/nodets25/src/controllers/candidate/authentication.controller.ts:38:20)
